507    1062
481     540
___________________________________________________________
Result of Year   2010   :
541     600
___________________________________________________________
Result of Year   2015   :
82 82
32.35294117647059 machine learning , protein structure
38.66171003717472 support vector machine , protein
41.81818181818181 support vector machine , peptide
43.11926605504588 bayesian model , gene
46.835443037974684 machine learning , protein sequence
52.0 classification , peptide
56.86274509803921 classification , mass spectrometry
68.05555555555556 pattern recognition , gene
68.77192982456141 classification , protein
74.54545454545455 classification , gene expression
74.66666666666667 linear discriminant , gene
76.33587786259542 cross-validation , protein
79.59183673469387 discriminant analysis , gene
81.25 correlation coefficient , protein
90.9090909090909 in silico , protein
91.04477611940298 machine learning , protein-protein interaction
96.3963963963964 machine learning , peptide
96.49122807017544 support vector machine , breast cancer
97.2972972972973 support vector machine , gene expression
105.78947368421052 machine learning , protein
107.14285714285714 machine learning , protein interaction
111.76470588235294 feature space , gene
114.26174496644295 support vector machine , gene
114.65517241379311 decision tree , gene
115.0375939849624 genetic algorithm , gene
118.75 computational methods , protein
125.0 feature selection , protein
128.84615384615387 computational method , protein
135.47169811320754 cross-validation , gene
140.86021505376345 nearest neighbor , gene
144.44444444444443 clustering , cancer
145.36082474226802 classification , breast cancer
148.88888888888889 feature selection , cancer
148.93617021276594 support vector machine , cancer
150.0 classification , drugs
150.72463768115944 regression , protein
152.4271844660194 learning algorithm , protein
154.88372093023256 feature selection , gene
161.29032258064515 principle component analysis , gene
168.2771194165907 classification , gene
175.71428571428572 data mining , gene
180.15267175572518 machine learning , gene expression
185.33333333333331 support vector machine , tumor
185.41666666666669 random forest , protein
186.04651162790697 functional magnetic resonance imaging , magnetic resonance
187.34177215189874 support vector machine , magnetic resonance
196.15384615384613 machine learning , mass spectrometry
196.42857142857142 cross-validation , cancer
201.49253731343282 classification , cancer
202.1505376344086 computational method , gene
203.44827586206895 classification , eeg signal
205.7142857142857 computational methods , gene
207.94701986754967 clustering , gene
216.36363636363635 machine learning , t cell
218.64406779661016 in silico , gene
223.0769230769231 ensemble model , gene
235.82089552238807 classification , magnetic resonance
245.77464788732394 classification , tumor
261.9047619047619 machine learning , drug discovery
275.23809523809524 logistic regression , gene
276.158940397351 regression , gene
291.044776119403 feature extraction , gene
292.85714285714283 predictive models , gene
297.14285714285717 machine learning , natural language
297.4576271186441 supervised learning , gene
300.97087378640776 natural language processing , natural language
301.9230769230769 machine learning , breast cancer
303.2608695652174 machine learning , drugs
307.6651982378855 machine learning , gene
332.421875 learning algorithm , gene
346.9879518072289 regression , cancer
359.81308411214957 receiver operating characteristic , gene
362.05128205128204 random forest , gene
367.2413793103448 neural network , protein
405.0 receiver operating characteristic , cancer
414.8148148148148 learning algorithm , cancer
419.2118226600985 machine learning , cancer
456.57894736842104 machine learning , magnetic resonance
511.1111111111111 artificial intelligence , gene
619.6969696969697 machine learning , tumor
647.0588235294118 neural network , cancer
700.4830917874397 neural network , gene
TOP20 increase of cs&medical:
\begin{tabular}{llr}
\toprule
{} &                                            name &       \% \\
\midrule
1  &                           neural network , gene & 700.483 \\
2  &                         neural network , cancer & 647.059 \\
3  &                        machine learning , tumor & 619.697 \\
4  &                  artificial intelligence , gene & 511.111 \\
5  &           machine learning , magnetic resonance & 456.579 \\
6  &                       machine learning , cancer & 419.212 \\
7  &                     learning algorithm , cancer & 414.815 \\
8  &      receiver operating characteristic , cancer & 405.000 \\
9  &                        neural network , protein & 367.241 \\
10 &                            random forest , gene & 362.051 \\
11 &        receiver operating characteristic , gene & 359.813 \\
12 &                             regression , cancer & 346.988 \\
13 &                       learning algorithm , gene & 332.422 \\
14 &                         machine learning , gene & 307.665 \\
15 &                        machine learning , drugs & 303.261 \\
16 &                machine learning , breast cancer & 301.923 \\
17 &  natural language processing , natural language & 300.971 \\
18 &                      supervised learning , gene & 297.458 \\
19 &             machine learning , natural language & 297.143 \\
20 &                        predictive models , gene & 292.857 \\
\bottomrule
\end{tabular}

 
TOP20 decrease of cs&medical:
\begin{tabular}{llr}
\toprule
{} &                                            name &       \% \\
\midrule
1  &            machine learning , protein structure &  32.353 \\
2  &                support vector machine , protein &  38.662 \\
3  &                support vector machine , peptide &  41.818 \\
4  &                           bayesian model , gene &  43.119 \\
5  &             machine learning , protein sequence &  46.835 \\
6  &                        classification , peptide &  52.000 \\
7  &              classification , mass spectrometry &  56.863 \\
8  &                      pattern recognition , gene &  68.056 \\
9  &                        classification , protein &  68.772 \\
10 &                classification , gene expression &  74.545 \\
11 &                      linear discriminant , gene &  74.667 \\
12 &                      cross-validation , protein &  76.336 \\
13 &                    discriminant analysis , gene &  79.592 \\
14 &               correlation coefficient , protein &  81.250 \\
15 &                             in silico , protein &  90.909 \\
16 &  machine learning , protein-protein interaction &  91.045 \\
17 &                      machine learning , peptide &  96.396 \\
18 &          support vector machine , breast cancer &  96.491 \\
19 &        support vector machine , gene expression &  97.297 \\
20 &                      machine learning , protein & 105.789 \\
\bottomrule
\end{tabular}

 
