507    1062
541     600 538434
___________________________________________________________
Result of Year   2015   :
TOP20 CS:
\begin{tabular}{llr}
 & name & % \\
1 & machine learning & 11.917837 \\
2 & classification & 8.363080 \\
3 & neural network & 5.121977 \\
4 & support vector machine & 3.825114 \\
5 & deep learning & 3.547365 \\
6 & regression & 2.977083 \\
7 & learning algorithm & 2.906326 \\
8 & random forest & 2.405745 \\
9 & artificial intelligence & 2.191361 \\
10 & convolution neural network & 2.116380 \\
11 & cross-validation & 1.634808 \\
12 & receiver operating characteristic & 1.365509 \\
13 & feature selection & 1.325378 \\
14 & supervised learning & 1.116274 \\
15 & logistic regression & 1.109938 \\
16 & clustering & 0.945190 \\
17 & feature extraction & 0.917732 \\
18 & decision tree & 0.769881 \\
19 & big data & 0.693843 \\
20 & nearest neighbor & 0.662161 \\
\end{tabular}

 
TOP20 medical:
\begin{tabular}{llr}
 & name & % \\
1 & gene & 13.397486 \\
2 & cancer & 3.892163 \\
3 & protein & 2.941251 \\
4 & tumor & 1.841127 \\
5 & magnetic resonance & 1.311297 \\
6 & gene expression & 1.218988 \\
7 & drugs & 0.838370 \\
8 & breast cancer & 0.781467 \\
9 & clinical practice & 0.627197 \\
10 & natural language & 0.609494 \\
11 & computed tomography & 0.565236 \\
12 & clinical data & 0.557649 \\
13 & clinical trial & 0.556385 \\
14 & health care & 0.550062 \\
15 & clinical decision & 0.519714 \\
16 & peptide & 0.504540 \\
17 & electronic health record & 0.502011 \\
18 & risk factor & 0.499482 \\
19 & early detection & 0.470398 \\
20 & drug discovery & 0.470398 \\
\end{tabular}

 
TOP20 cs&medical:
\begin{tabular}{llr}
\toprule
{} &                                      name &     \% \\
\midrule
1  &                   machine learning , gene & 1.650 \\
2  &                     classification , gene & 1.038 \\
3  &                     neural network , gene & 0.634 \\
4  &                      deep learning , gene & 0.453 \\
5  &             support vector machine , gene & 0.447 \\
6  &                machine learning , protein & 0.404 \\
7  &                         regression , gene & 0.402 \\
8  &                 learning algorithm , gene & 0.385 \\
9  &                 machine learning , cancer & 0.380 \\
10 &                   classification , cancer & 0.351 \\
11 &                      random forest , gene & 0.331 \\
12 &            artificial intelligence , gene & 0.249 \\
13 &         convolution neural network , gene & 0.241 \\
14 &                   cross-validation , gene & 0.219 \\
15 &                  feature selection , gene & 0.191 \\
16 &                   neural network , cancer & 0.176 \\
17 &                    classification , tumor & 0.172 \\
18 &                supervised learning , gene & 0.171 \\
19 &                  machine learning , tumor & 0.171 \\
20 &  receiver operating characteristic , gene & 0.169 \\
\bottomrule
\end{tabular}

